{"uid":"77d07a7d7ae90f29","name":"Validate total worker count matches displayed label after selecting all workers","fullName":"Validate total worker count matches displayed label after selecting all workers","historyId":"fca20ea9d48c21424bdfe4545524bfb7","time":{"start":1760455694443,"stop":1760455736375,"duration":41932},"status":"failed","statusMessage":"Timed out retrying after 30000ms: Expected to find element: `.label.default__label`, but never found it.","statusTrace":"AssertionError: Timed out retrying after 30000ms: Expected to find element: `.label.default__label`, but never found it.\n    at Context.eval (webpack://kwant.ai-qa/./cypress/e2e/workforce/selectworker.cy.js:27:11)\n    at getRet (https://uat.kwant.ai/__cypress/runner/cypress_runner.js:121066:20)\n    at tryCatcher (https://uat.kwant.ai/__cypress/runner/cypress_runner.js:1777:23)\n    at Promise.attempt.Promise.try (https://uat.kwant.ai/__cypress/runner/cypress_runner.js:4285:29)\n    at Context.thenFn (https://uat.kwant.ai/__cypress/runner/cypress_runner.js:121077:66)\n    at Context.then (https://uat.kwant.ai/__cypress/runner/cypress_runner.js:121328:21)\n    at wrapped (https://uat.kwant.ai/__cypress/runner/cypress_runner.js:141671:19)","flaky":false,"newFailed":false,"newBroken":false,"newPassed":false,"retriesCount":3,"retriesStatusChange":true,"beforeStages":[],"testStage":{"status":"failed","statusMessage":"Timed out retrying after 30000ms: Expected to find element: `.label.default__label`, but never found it.","statusTrace":"AssertionError: Timed out retrying after 30000ms: Expected to find element: `.label.default__label`, but never found it.\n    at Context.eval (webpack://kwant.ai-qa/./cypress/e2e/workforce/selectworker.cy.js:27:11)\n    at getRet (https://uat.kwant.ai/__cypress/runner/cypress_runner.js:121066:20)\n    at tryCatcher (https://uat.kwant.ai/__cypress/runner/cypress_runner.js:1777:23)\n    at Promise.attempt.Promise.try (https://uat.kwant.ai/__cypress/runner/cypress_runner.js:4285:29)\n    at Context.thenFn (https://uat.kwant.ai/__cypress/runner/cypress_runner.js:121077:66)\n    at Context.then (https://uat.kwant.ai/__cypress/runner/cypress_runner.js:121328:21)\n    at wrapped (https://uat.kwant.ai/__cypress/runner/cypress_runner.js:141671:19)","steps":[],"attachments":[{"uid":"53c711401ce18b0c","name":"selectworker.cy.js:2025-10-14T15:28:56.170Z:attempt-2","source":"53c711401ce18b0c.png","type":"image/png","size":389520}],"parameters":[],"shouldDisplayMessage":true,"stepsCount":0,"attachmentsCount":1,"hasContent":true,"attachmentStep":false},"afterStages":[],"labels":[{"name":"package","value":"cypress.e2e.workforce.selectworker.cy.js"},{"name":"suite","value":"Worker Module - select"},{"name":"resultFormat","value":"allure2"}],"parameters":[],"links":[],"hidden":false,"retry":false,"extra":{"severity":"normal","retries":[{"uid":"c24d74d8a7ec0909","status":"failed","statusDetails":"Timed out retrying after 30000ms: expected '<div.label.default__label>' to contain '111'","time":{"start":1760455659114,"stop":1760455694401,"duration":35287}},{"uid":"a5af1569649208f7","status":"failed","statusDetails":"Timed out retrying after 30000ms: Expected to find element: `.label.default__label`, but never found it.","time":{"start":1760455615396,"stop":1760455659051,"duration":43655}},{"uid":"dfaa971ecad89fe5","status":"passed","time":{"start":1760455499023,"stop":1760455516680,"duration":17657}}],"categories":[{"name":"Product defects","matchedStatuses":[]}],"tags":[]},"source":"77d07a7d7ae90f29.json","parameterValues":[]}